<?xml version="1.0" encoding="UTF-8"?>
<testng-results ignored="0" total="4" passed="0" failed="0" skipped="4">
  <reporter-output>
    <line>
      <![CDATA[==============================================================================================]]>
    </line>
    <line>
      <![CDATA[Total Passed: 0(+0), Failures: 0(+0), Skips: 4(+4)]]>
    </line>
    <line>
      <![CDATA[==============================================================================================]]>
    </line>
  </reporter-output>
  <suite started-at="2022-05-25T14:15:29 IST" name="UI Test Suite" finished-at="2022-05-25T14:15:29 IST" duration-ms="77">
    <groups>
    </groups>
    <test started-at="2022-05-25T14:15:29 IST" name="Reports Testing" finished-at="2022-05-25T14:15:29 IST" duration-ms="77">
      <class name="ui.ReportsTest">
        <test-method is-config="true" signature="launchbrowser()[pri:0, instance:ui.ReportsTest@29f7cefd]" started-at="2022-05-25T14:15:29 IST" name="launchbrowser" finished-at="2022-05-25T14:15:29 IST" duration-ms="33" status="FAIL">
          <exception class="java.lang.ExceptionInInitializerError">
            <full-stacktrace>
              <![CDATA[java.lang.ExceptionInInitializerError
at io.github.bonigarcia.wdm.config.Config.defaultOsName(Config.java:346)
at io.github.bonigarcia.wdm.config.Config.<init>(Config.java:103)
at io.github.bonigarcia.wdm.WebDriverManager.<init>(WebDriverManager.java:189)
at io.github.bonigarcia.wdm.managers.FirefoxDriverManager.<init>(FirefoxDriverManager.java:41)
at io.github.bonigarcia.wdm.WebDriverManager.firefoxdriver(WebDriverManager.java:212)
at common.BaseTest.launchbrowser(BaseTest.java:17)
at java.base/jdk.internal.reflect.NativeMethodAccessorImpl.invoke0(Native Method)
at java.base/jdk.internal.reflect.NativeMethodAccessorImpl.invoke(NativeMethodAccessorImpl.java:64)
at java.base/jdk.internal.reflect.DelegatingMethodAccessorImpl.invoke(DelegatingMethodAccessorImpl.java:43)
at java.base/java.lang.reflect.Method.invoke(Method.java:564)
at org.testng.internal.MethodInvocationHelper.invokeMethod(MethodInvocationHelper.java:133)
at org.testng.internal.MethodInvocationHelper.invokeMethodConsideringTimeout(MethodInvocationHelper.java:62)
at org.testng.internal.ConfigInvoker.invokeConfigurationMethod(ConfigInvoker.java:385)
at org.testng.internal.ConfigInvoker.invokeConfigurations(ConfigInvoker.java:321)
at org.testng.SuiteRunner.privateRun(SuiteRunner.java:317)
at org.testng.SuiteRunner.run(SuiteRunner.java:276)
at org.testng.SuiteRunnerWorker.runSuite(SuiteRunnerWorker.java:53)
at org.testng.SuiteRunnerWorker.run(SuiteRunnerWorker.java:96)
at org.testng.TestNG.runSuitesSequentially(TestNG.java:1212)
at org.testng.TestNG.runSuitesLocally(TestNG.java:1134)
at org.testng.TestNG.runSuites(TestNG.java:1063)
at org.testng.TestNG.run(TestNG.java:1031)
at org.testng.remote.AbstractRemoteTestNG.run(AbstractRemoteTestNG.java:115)
at org.testng.remote.RemoteTestNG.initAndRun(RemoteTestNG.java:251)
at org.testng.remote.RemoteTestNG.main(RemoteTestNG.java:77)
Caused by: java.lang.NumberFormatException: multiple points
at java.base/jdk.internal.math.FloatingDecimal.readJavaFormatString(FloatingDecimal.java:1914)
at java.base/jdk.internal.math.FloatingDecimal.parseFloat(FloatingDecimal.java:122)
at java.base/java.lang.Float.parseFloat(Float.java:461)
at org.apache.commons.lang.SystemUtils.getJavaVersionAsFloat(SystemUtils.java:1117)
at org.apache.commons.lang.SystemUtils.<clinit>(SystemUtils.java:817)
... 25 more
]]>
            </full-stacktrace>
          </exception> <!-- java.lang.ExceptionInInitializerError -->
          <reporter-output>
          </reporter-output>
        </test-method> <!-- launchbrowser -->
        <test-method signature="reporterTest1()[pri:0, instance:ui.ReportsTest@29f7cefd]" started-at="2022-05-25T14:15:29 IST" name="reporterTest1" finished-at="2022-05-25T14:15:29 IST" duration-ms="0" status="SKIP">
          <exception class="java.lang.ExceptionInInitializerError">
            <full-stacktrace>
              <![CDATA[java.lang.ExceptionInInitializerError
at io.github.bonigarcia.wdm.config.Config.defaultOsName(Config.java:346)
at io.github.bonigarcia.wdm.config.Config.<init>(Config.java:103)
at io.github.bonigarcia.wdm.WebDriverManager.<init>(WebDriverManager.java:189)
at io.github.bonigarcia.wdm.managers.FirefoxDriverManager.<init>(FirefoxDriverManager.java:41)
at io.github.bonigarcia.wdm.WebDriverManager.firefoxdriver(WebDriverManager.java:212)
at common.BaseTest.launchbrowser(BaseTest.java:17)
at java.base/jdk.internal.reflect.NativeMethodAccessorImpl.invoke0(Native Method)
at java.base/jdk.internal.reflect.NativeMethodAccessorImpl.invoke(NativeMethodAccessorImpl.java:64)
at java.base/jdk.internal.reflect.DelegatingMethodAccessorImpl.invoke(DelegatingMethodAccessorImpl.java:43)
at java.base/java.lang.reflect.Method.invoke(Method.java:564)
at org.testng.internal.MethodInvocationHelper.invokeMethod(MethodInvocationHelper.java:133)
at org.testng.internal.MethodInvocationHelper.invokeMethodConsideringTimeout(MethodInvocationHelper.java:62)
at org.testng.internal.ConfigInvoker.invokeConfigurationMethod(ConfigInvoker.java:385)
at org.testng.internal.ConfigInvoker.invokeConfigurations(ConfigInvoker.java:321)
at org.testng.SuiteRunner.privateRun(SuiteRunner.java:317)
at org.testng.SuiteRunner.run(SuiteRunner.java:276)
at org.testng.SuiteRunnerWorker.runSuite(SuiteRunnerWorker.java:53)
at org.testng.SuiteRunnerWorker.run(SuiteRunnerWorker.java:96)
at org.testng.TestNG.runSuitesSequentially(TestNG.java:1212)
at org.testng.TestNG.runSuitesLocally(TestNG.java:1134)
at org.testng.TestNG.runSuites(TestNG.java:1063)
at org.testng.TestNG.run(TestNG.java:1031)
at org.testng.remote.AbstractRemoteTestNG.run(AbstractRemoteTestNG.java:115)
at org.testng.remote.RemoteTestNG.initAndRun(RemoteTestNG.java:251)
at org.testng.remote.RemoteTestNG.main(RemoteTestNG.java:77)
Caused by: java.lang.NumberFormatException: multiple points
at java.base/jdk.internal.math.FloatingDecimal.readJavaFormatString(FloatingDecimal.java:1914)
at java.base/jdk.internal.math.FloatingDecimal.parseFloat(FloatingDecimal.java:122)
at java.base/java.lang.Float.parseFloat(Float.java:461)
at org.apache.commons.lang.SystemUtils.getJavaVersionAsFloat(SystemUtils.java:1117)
at org.apache.commons.lang.SystemUtils.<clinit>(SystemUtils.java:817)
... 25 more
]]>
            </full-stacktrace>
          </exception> <!-- java.lang.ExceptionInInitializerError -->
          <reporter-output>
          </reporter-output>
        </test-method> <!-- reporterTest1 -->
        <test-method signature="reporterTest2()[pri:0, instance:ui.ReportsTest@29f7cefd]" started-at="2022-05-25T14:15:29 IST" name="reporterTest2" finished-at="2022-05-25T14:15:29 IST" duration-ms="0" status="SKIP">
          <exception class="java.lang.ExceptionInInitializerError">
            <full-stacktrace>
              <![CDATA[java.lang.ExceptionInInitializerError
at io.github.bonigarcia.wdm.config.Config.defaultOsName(Config.java:346)
at io.github.bonigarcia.wdm.config.Config.<init>(Config.java:103)
at io.github.bonigarcia.wdm.WebDriverManager.<init>(WebDriverManager.java:189)
at io.github.bonigarcia.wdm.managers.FirefoxDriverManager.<init>(FirefoxDriverManager.java:41)
at io.github.bonigarcia.wdm.WebDriverManager.firefoxdriver(WebDriverManager.java:212)
at common.BaseTest.launchbrowser(BaseTest.java:17)
at java.base/jdk.internal.reflect.NativeMethodAccessorImpl.invoke0(Native Method)
at java.base/jdk.internal.reflect.NativeMethodAccessorImpl.invoke(NativeMethodAccessorImpl.java:64)
at java.base/jdk.internal.reflect.DelegatingMethodAccessorImpl.invoke(DelegatingMethodAccessorImpl.java:43)
at java.base/java.lang.reflect.Method.invoke(Method.java:564)
at org.testng.internal.MethodInvocationHelper.invokeMethod(MethodInvocationHelper.java:133)
at org.testng.internal.MethodInvocationHelper.invokeMethodConsideringTimeout(MethodInvocationHelper.java:62)
at org.testng.internal.ConfigInvoker.invokeConfigurationMethod(ConfigInvoker.java:385)
at org.testng.internal.ConfigInvoker.invokeConfigurations(ConfigInvoker.java:321)
at org.testng.SuiteRunner.privateRun(SuiteRunner.java:317)
at org.testng.SuiteRunner.run(SuiteRunner.java:276)
at org.testng.SuiteRunnerWorker.runSuite(SuiteRunnerWorker.java:53)
at org.testng.SuiteRunnerWorker.run(SuiteRunnerWorker.java:96)
at org.testng.TestNG.runSuitesSequentially(TestNG.java:1212)
at org.testng.TestNG.runSuitesLocally(TestNG.java:1134)
at org.testng.TestNG.runSuites(TestNG.java:1063)
at org.testng.TestNG.run(TestNG.java:1031)
at org.testng.remote.AbstractRemoteTestNG.run(AbstractRemoteTestNG.java:115)
at org.testng.remote.RemoteTestNG.initAndRun(RemoteTestNG.java:251)
at org.testng.remote.RemoteTestNG.main(RemoteTestNG.java:77)
Caused by: java.lang.NumberFormatException: multiple points
at java.base/jdk.internal.math.FloatingDecimal.readJavaFormatString(FloatingDecimal.java:1914)
at java.base/jdk.internal.math.FloatingDecimal.parseFloat(FloatingDecimal.java:122)
at java.base/java.lang.Float.parseFloat(Float.java:461)
at org.apache.commons.lang.SystemUtils.getJavaVersionAsFloat(SystemUtils.java:1117)
at org.apache.commons.lang.SystemUtils.<clinit>(SystemUtils.java:817)
... 25 more
]]>
            </full-stacktrace>
          </exception> <!-- java.lang.ExceptionInInitializerError -->
          <reporter-output>
          </reporter-output>
        </test-method> <!-- reporterTest2 -->
        <test-method signature="reporterTest3()[pri:0, instance:ui.ReportsTest@29f7cefd]" started-at="2022-05-25T14:15:29 IST" name="reporterTest3" finished-at="2022-05-25T14:15:29 IST" duration-ms="0" status="SKIP">
          <exception class="java.lang.ExceptionInInitializerError">
            <full-stacktrace>
              <![CDATA[java.lang.ExceptionInInitializerError
at io.github.bonigarcia.wdm.config.Config.defaultOsName(Config.java:346)
at io.github.bonigarcia.wdm.config.Config.<init>(Config.java:103)
at io.github.bonigarcia.wdm.WebDriverManager.<init>(WebDriverManager.java:189)
at io.github.bonigarcia.wdm.managers.FirefoxDriverManager.<init>(FirefoxDriverManager.java:41)
at io.github.bonigarcia.wdm.WebDriverManager.firefoxdriver(WebDriverManager.java:212)
at common.BaseTest.launchbrowser(BaseTest.java:17)
at java.base/jdk.internal.reflect.NativeMethodAccessorImpl.invoke0(Native Method)
at java.base/jdk.internal.reflect.NativeMethodAccessorImpl.invoke(NativeMethodAccessorImpl.java:64)
at java.base/jdk.internal.reflect.DelegatingMethodAccessorImpl.invoke(DelegatingMethodAccessorImpl.java:43)
at java.base/java.lang.reflect.Method.invoke(Method.java:564)
at org.testng.internal.MethodInvocationHelper.invokeMethod(MethodInvocationHelper.java:133)
at org.testng.internal.MethodInvocationHelper.invokeMethodConsideringTimeout(MethodInvocationHelper.java:62)
at org.testng.internal.ConfigInvoker.invokeConfigurationMethod(ConfigInvoker.java:385)
at org.testng.internal.ConfigInvoker.invokeConfigurations(ConfigInvoker.java:321)
at org.testng.SuiteRunner.privateRun(SuiteRunner.java:317)
at org.testng.SuiteRunner.run(SuiteRunner.java:276)
at org.testng.SuiteRunnerWorker.runSuite(SuiteRunnerWorker.java:53)
at org.testng.SuiteRunnerWorker.run(SuiteRunnerWorker.java:96)
at org.testng.TestNG.runSuitesSequentially(TestNG.java:1212)
at org.testng.TestNG.runSuitesLocally(TestNG.java:1134)
at org.testng.TestNG.runSuites(TestNG.java:1063)
at org.testng.TestNG.run(TestNG.java:1031)
at org.testng.remote.AbstractRemoteTestNG.run(AbstractRemoteTestNG.java:115)
at org.testng.remote.RemoteTestNG.initAndRun(RemoteTestNG.java:251)
at org.testng.remote.RemoteTestNG.main(RemoteTestNG.java:77)
Caused by: java.lang.NumberFormatException: multiple points
at java.base/jdk.internal.math.FloatingDecimal.readJavaFormatString(FloatingDecimal.java:1914)
at java.base/jdk.internal.math.FloatingDecimal.parseFloat(FloatingDecimal.java:122)
at java.base/java.lang.Float.parseFloat(Float.java:461)
at org.apache.commons.lang.SystemUtils.getJavaVersionAsFloat(SystemUtils.java:1117)
at org.apache.commons.lang.SystemUtils.<clinit>(SystemUtils.java:817)
... 25 more
]]>
            </full-stacktrace>
          </exception> <!-- java.lang.ExceptionInInitializerError -->
          <reporter-output>
          </reporter-output>
        </test-method> <!-- reporterTest3 -->
        <test-method signature="reporterTest4()[pri:0, instance:ui.ReportsTest@29f7cefd]" started-at="2022-05-25T14:15:29 IST" name="reporterTest4" finished-at="2022-05-25T14:15:29 IST" duration-ms="0" status="SKIP">
          <exception class="java.lang.ExceptionInInitializerError">
            <full-stacktrace>
              <![CDATA[java.lang.ExceptionInInitializerError
at io.github.bonigarcia.wdm.config.Config.defaultOsName(Config.java:346)
at io.github.bonigarcia.wdm.config.Config.<init>(Config.java:103)
at io.github.bonigarcia.wdm.WebDriverManager.<init>(WebDriverManager.java:189)
at io.github.bonigarcia.wdm.managers.FirefoxDriverManager.<init>(FirefoxDriverManager.java:41)
at io.github.bonigarcia.wdm.WebDriverManager.firefoxdriver(WebDriverManager.java:212)
at common.BaseTest.launchbrowser(BaseTest.java:17)
at java.base/jdk.internal.reflect.NativeMethodAccessorImpl.invoke0(Native Method)
at java.base/jdk.internal.reflect.NativeMethodAccessorImpl.invoke(NativeMethodAccessorImpl.java:64)
at java.base/jdk.internal.reflect.DelegatingMethodAccessorImpl.invoke(DelegatingMethodAccessorImpl.java:43)
at java.base/java.lang.reflect.Method.invoke(Method.java:564)
at org.testng.internal.MethodInvocationHelper.invokeMethod(MethodInvocationHelper.java:133)
at org.testng.internal.MethodInvocationHelper.invokeMethodConsideringTimeout(MethodInvocationHelper.java:62)
at org.testng.internal.ConfigInvoker.invokeConfigurationMethod(ConfigInvoker.java:385)
at org.testng.internal.ConfigInvoker.invokeConfigurations(ConfigInvoker.java:321)
at org.testng.SuiteRunner.privateRun(SuiteRunner.java:317)
at org.testng.SuiteRunner.run(SuiteRunner.java:276)
at org.testng.SuiteRunnerWorker.runSuite(SuiteRunnerWorker.java:53)
at org.testng.SuiteRunnerWorker.run(SuiteRunnerWorker.java:96)
at org.testng.TestNG.runSuitesSequentially(TestNG.java:1212)
at org.testng.TestNG.runSuitesLocally(TestNG.java:1134)
at org.testng.TestNG.runSuites(TestNG.java:1063)
at org.testng.TestNG.run(TestNG.java:1031)
at org.testng.remote.AbstractRemoteTestNG.run(AbstractRemoteTestNG.java:115)
at org.testng.remote.RemoteTestNG.initAndRun(RemoteTestNG.java:251)
at org.testng.remote.RemoteTestNG.main(RemoteTestNG.java:77)
Caused by: java.lang.NumberFormatException: multiple points
at java.base/jdk.internal.math.FloatingDecimal.readJavaFormatString(FloatingDecimal.java:1914)
at java.base/jdk.internal.math.FloatingDecimal.parseFloat(FloatingDecimal.java:122)
at java.base/java.lang.Float.parseFloat(Float.java:461)
at org.apache.commons.lang.SystemUtils.getJavaVersionAsFloat(SystemUtils.java:1117)
at org.apache.commons.lang.SystemUtils.<clinit>(SystemUtils.java:817)
... 25 more
]]>
            </full-stacktrace>
          </exception> <!-- java.lang.ExceptionInInitializerError -->
          <reporter-output>
            <line>
              <![CDATA[==============================================================================================]]>
            </line>
            <line>
              <![CDATA[Total Passed: 0(+0), Failures: 0(+0), Skips: 4(+4)]]>
            </line>
            <line>
              <![CDATA[==============================================================================================]]>
            </line>
          </reporter-output>
        </test-method> <!-- reporterTest4 -->
        <test-method is-config="true" signature="closebrowser()[pri:0, instance:ui.ReportsTest@29f7cefd]" started-at="2022-05-25T14:15:29 IST" name="closebrowser" finished-at="1970-01-01T05:30:00 IST" duration-ms="-1653468329867" status="SKIP">
          <reporter-output>
          </reporter-output>
        </test-method> <!-- closebrowser -->
      </class> <!-- ui.ReportsTest -->
    </test> <!-- Reports Testing -->
  </suite> <!-- UI Test Suite -->
</testng-results>
